[13556:20064:0506/121518.072:INFO:components\enterprise\browser\controller\chrome_browser_cloud_management_controller.cc:202] No machine level policy manager exists.
[10212:2720:0506/121518.232:INFO:third_party\webrtc\system_wrappers\source\cpu_info.cc:56] Available number of cores: 8
[19752:2876:0506/121518.232:INFO:third_party\webrtc\system_wrappers\source\cpu_info.cc:56] Available number of cores: 8
[16528:16060:0506/121518.435:VERBOSE1:components\viz\service\main\viz_main_impl.cc:85] VizNullHypothesis is disabled (not a warning)
[20216:13776:0506/121518.643:INFO:third_party\webrtc\system_wrappers\source\cpu_info.cc:56] Available number of cores: 8
[20228:19052:0506/121518.681:INFO:third_party\webrtc\system_wrappers\source\cpu_info.cc:56] Available number of cores: 8
[13556:20064:0506/121521.557:INFO:CONSOLE:21108] "interactionType undefined. Please verify that your tracking spec interactionType is supported", source: https://static.licdn.com/aero-v1/sc/h/3wactzrnbo0vvlkhn9ovk45vw (21108)
[13556:20064:0506/121521.557:INFO:CONSOLE:21110] "interactionType undefined. Please verify that your tracking spec interactionType is supported {"viewId":23,"viewName":"search-entity-result-universal-template","impressionThresholds":[{"minDurationMs":300,"minVisibilityPercentage":0.5,"triggerOnStart":false}],"interactionTypes":[1,2],"manualFireReasons":{"webReasons":[15],"androidReasons":[15],"iOSReasons":[15]},"actionTypeToLegacyControlName":{},"shouldAllowEmptyViewSpec":false}", source: https://static.licdn.com/aero-v1/sc/h/3wactzrnbo0vvlkhn9ovk45vw (21110)
[13556:20064:0506/121521.557:INFO:CONSOLE:21108] "interactionType undefined. Please verify that your tracking spec interactionType is supported", source: https://static.licdn.com/aero-v1/sc/h/3wactzrnbo0vvlkhn9ovk45vw (21108)
[13556:20064:0506/121521.557:INFO:CONSOLE:21110] "interactionType undefined. Please verify that your tracking spec interactionType is supported {"viewId":23,"viewName":"search-entity-result-universal-template","impressionThresholds":[{"minDurationMs":300,"minVisibilityPercentage":0.5,"triggerOnStart":false}],"interactionTypes":[1,2],"manualFireReasons":{"webReasons":[15],"androidReasons":[15],"iOSReasons":[15]},"actionTypeToLegacyControlName":{},"shouldAllowEmptyViewSpec":false}", source: https://static.licdn.com/aero-v1/sc/h/3wactzrnbo0vvlkhn9ovk45vw (21110)
[13556:20064:0506/121521.558:INFO:CONSOLE:21108] "interactionType undefined. Please verify that your tracking spec interactionType is supported", source: https://static.licdn.com/aero-v1/sc/h/3wactzrnbo0vvlkhn9ovk45vw (21108)
[13556:20064:0506/121521.558:INFO:CONSOLE:21110] "interactionType undefined. Please verify that your tracking spec interactionType is supported {"viewId":23,"viewName":"search-entity-result-universal-template","impressionThresholds":[{"minDurationMs":300,"minVisibilityPercentage":0.5,"triggerOnStart":false}],"interactionTypes":[1,2],"manualFireReasons":{"webReasons":[15],"androidReasons":[15],"iOSReasons":[15]},"actionTypeToLegacyControlName":{},"shouldAllowEmptyViewSpec":false}", source: https://static.licdn.com/aero-v1/sc/h/3wactzrnbo0vvlkhn9ovk45vw (21110)
[13556:20064:0506/121521.782:INFO:CONSOLE:21108] "interactionType undefined. Please verify that your tracking spec interactionType is supported", source: https://static.licdn.com/aero-v1/sc/h/3wactzrnbo0vvlkhn9ovk45vw (21108)
[13556:20064:0506/121521.782:INFO:CONSOLE:21110] "interactionType undefined. Please verify that your tracking spec interactionType is supported {"viewId":23,"viewName":"search-entity-result-universal-template","impressionThresholds":[{"minDurationMs":300,"minVisibilityPercentage":0.5,"triggerOnStart":false}],"interactionTypes":[1,2],"manualFireReasons":{"webReasons":[15],"androidReasons":[15],"iOSReasons":[15]},"actionTypeToLegacyControlName":{},"shouldAllowEmptyViewSpec":false}", source: https://static.licdn.com/aero-v1/sc/h/3wactzrnbo0vvlkhn9ovk45vw (21110)
[13556:20064:0506/121521.783:INFO:CONSOLE:21108] "interactionType undefined. Please verify that your tracking spec interactionType is supported", source: https://static.licdn.com/aero-v1/sc/h/3wactzrnbo0vvlkhn9ovk45vw (21108)
[13556:20064:0506/121521.783:INFO:CONSOLE:21110] "interactionType undefined. Please verify that your tracking spec interactionType is supported {"viewId":23,"viewName":"search-entity-result-universal-template","impressionThresholds":[{"minDurationMs":300,"minVisibilityPercentage":0.5,"triggerOnStart":false}],"interactionTypes":[1,2],"manualFireReasons":{"webReasons":[15],"androidReasons":[15],"iOSReasons":[15]},"actionTypeToLegacyControlName":{},"shouldAllowEmptyViewSpec":false}", source: https://static.licdn.com/aero-v1/sc/h/3wactzrnbo0vvlkhn9ovk45vw (21110)
[13556:20064:0506/121521.783:INFO:CONSOLE:21108] "interactionType undefined. Please verify that your tracking spec interactionType is supported", source: https://static.licdn.com/aero-v1/sc/h/3wactzrnbo0vvlkhn9ovk45vw (21108)
[13556:20064:0506/121521.783:INFO:CONSOLE:21110] "interactionType undefined. Please verify that your tracking spec interactionType is supported {"viewId":23,"viewName":"search-entity-result-universal-template","impressionThresholds":[{"minDurationMs":300,"minVisibilityPercentage":0.5,"triggerOnStart":false}],"interactionTypes":[1,2],"manualFireReasons":{"webReasons":[15],"androidReasons":[15],"iOSReasons":[15]},"actionTypeToLegacyControlName":{},"shouldAllowEmptyViewSpec":false}", source: https://static.licdn.com/aero-v1/sc/h/3wactzrnbo0vvlkhn9ovk45vw (21110)
[13556:20064:0506/121521.783:INFO:CONSOLE:21108] "interactionType undefined. Please verify that your tracking spec interactionType is supported", source: https://static.licdn.com/aero-v1/sc/h/3wactzrnbo0vvlkhn9ovk45vw (21108)
[13556:20064:0506/121521.784:INFO:CONSOLE:21110] "interactionType undefined. Please verify that your tracking spec interactionType is supported {"viewId":23,"viewName":"search-entity-result-universal-template","impressionThresholds":[{"minDurationMs":300,"minVisibilityPercentage":0.5,"triggerOnStart":false}],"interactionTypes":[1,2],"manualFireReasons":{"webReasons":[15],"androidReasons":[15],"iOSReasons":[15]},"actionTypeToLegacyControlName":{},"shouldAllowEmptyViewSpec":false}", source: https://static.licdn.com/aero-v1/sc/h/3wactzrnbo0vvlkhn9ovk45vw (21110)
[13556:20064:0506/121521.784:INFO:CONSOLE:21108] "interactionType undefined. Please verify that your tracking spec interactionType is supported", source: https://static.licdn.com/aero-v1/sc/h/3wactzrnbo0vvlkhn9ovk45vw (21108)
[13556:20064:0506/121521.784:INFO:CONSOLE:21110] "interactionType undefined. Please verify that your tracking spec interactionType is supported {"viewId":23,"viewName":"search-entity-result-universal-template","impressionThresholds":[{"minDurationMs":300,"minVisibilityPercentage":0.5,"triggerOnStart":false}],"interactionTypes":[1,2],"manualFireReasons":{"webReasons":[15],"androidReasons":[15],"iOSReasons":[15]},"actionTypeToLegacyControlName":{},"shouldAllowEmptyViewSpec":false}", source: https://static.licdn.com/aero-v1/sc/h/3wactzrnbo0vvlkhn9ovk45vw (21110)
[13556:20064:0506/121521.784:INFO:CONSOLE:21108] "interactionType undefined. Please verify that your tracking spec interactionType is supported", source: https://static.licdn.com/aero-v1/sc/h/3wactzrnbo0vvlkhn9ovk45vw (21108)
[13556:20064:0506/121521.784:INFO:CONSOLE:21110] "interactionType undefined. Please verify that your tracking spec interactionType is supported {"viewId":23,"viewName":"search-entity-result-universal-template","impressionThresholds":[{"minDurationMs":300,"minVisibilityPercentage":0.5,"triggerOnStart":false}],"interactionTypes":[1,2],"manualFireReasons":{"webReasons":[15],"androidReasons":[15],"iOSReasons":[15]},"actionTypeToLegacyControlName":{},"shouldAllowEmptyViewSpec":false}", source: https://static.licdn.com/aero-v1/sc/h/3wactzrnbo0vvlkhn9ovk45vw (21110)
[13556:20064:0506/121521.785:INFO:CONSOLE:21108] "interactionType undefined. Please verify that your tracking spec interactionType is supported", source: https://static.licdn.com/aero-v1/sc/h/3wactzrnbo0vvlkhn9ovk45vw (21108)
[13556:20064:0506/121521.785:INFO:CONSOLE:21110] "interactionType undefined. Please verify that your tracking spec interactionType is supported {"viewId":23,"viewName":"search-entity-result-universal-template","impressionThresholds":[{"minDurationMs":300,"minVisibilityPercentage":0.5,"triggerOnStart":false}],"interactionTypes":[1,2],"manualFireReasons":{"webReasons":[15],"androidReasons":[15],"iOSReasons":[15]},"actionTypeToLegacyControlName":{},"shouldAllowEmptyViewSpec":false}", source: https://static.licdn.com/aero-v1/sc/h/3wactzrnbo0vvlkhn9ovk45vw (21110)
[7900:7336:0506/121521.907:INFO:third_party\webrtc\system_wrappers\source\cpu_info.cc:56] Available number of cores: 8
[19752:2020:0506/121521.975:INFO:third_party\blink\renderer\modules\peerconnection\peer_connection_dependency_factory.cc:802] Running WebRTC with a combined Network and Worker thread.
[19752:2020:0506/121521.975:INFO:third_party\webrtc\media\engine\webrtc_voice_engine.cc:475] WebRtcVoiceEngine::WebRtcVoiceEngine
[19752:19268:0506/121521.976:INFO:third_party\webrtc\media\engine\webrtc_voice_engine.cc:497] WebRtcVoiceEngine::Init
[19752:19268:0506/121521.976:INFO:third_party\webrtc\media\engine\webrtc_voice_engine.cc:603] WebRtcVoiceEngine::ApplyOptions: AudioOptions {aec: 1, agc: 1, ns: 1, hf: 1, swap: 0, audio_jitter_buffer_max_packets: 200, audio_jitter_buffer_fast_accelerate: 0, audio_jitter_buffer_min_delay_ms: 0, }
[13556:20064:0506/121522.187:INFO:CONSOLE:2] "Error", source: https://client.protechts.net/PXdOjV695v/main.min.js (2)
[19752:2020:0506/121522.748:INFO:third_party\webrtc\media\base\codec.cc:386] Explicitly added H264 constrained baseline to list of supported formats.
[19752:19268:0506/121522.748:INFO:third_party\webrtc\pc\peer_connection_factory.cc:396] Using default network controller factory
[19752:19268:0506/121522.748:INFO:third_party\webrtc\modules\pacing\bitrate_prober.cc:54] Bandwidth probing enabled, set to inactive
[19752:19268:0506/121522.748:INFO:third_party\webrtc\modules\remote_bitrate_estimator\transport_sequence_number_feedback_generator.cc:52] Maximum interval between transport feedback RTCP messages: 250 ms
[19752:19268:0506/121522.748:INFO:third_party\webrtc\modules\remote_bitrate_estimator\aimd_rate_control.cc:88] Using aimd rate control with back off factor 0.85
[19752:19268:0506/121522.749:INFO:third_party\webrtc\modules\remote_bitrate_estimator\remote_bitrate_estimator_single_stream.cc:59] RemoteBitrateEstimatorSingleStream: Instantiating.
[19752:19268:0506/121522.749:INFO:third_party\webrtc\rtc_base\openssl_key_pair.cc:40] Making key pair
[19752:19268:0506/121522.749:INFO:third_party\webrtc\rtc_base\openssl_key_pair.cc:93] Returning key pair
[19752:19268:0506/121522.749:INFO:third_party\webrtc\rtc_base\boringssl_certificate.cc:189] Making certificate for WebRTC
[19752:19268:0506/121522.749:INFO:third_party\webrtc\rtc_base\boringssl_certificate.cc:245] Returning certificate
[19752:2020:0506/121522.750:INFO:third_party\webrtc\media\base\codec.cc:386] Explicitly added H264 constrained baseline to list of supported formats.
[19752:19268:0506/121522.757:INFO:third_party\webrtc\p2p\base\p2p_transport_channel.cc:560] Set backup connection ping interval to 25000 milliseconds.
[19752:19268:0506/121522.757:INFO:third_party\webrtc\p2p\base\p2p_transport_channel.cc:569] Set ICE receiving timeout to 2500 milliseconds
[19752:19268:0506/121522.757:INFO:third_party\webrtc\p2p\base\p2p_transport_channel.cc:576] Set ping most likely connection to 0
[19752:19268:0506/121522.757:INFO:third_party\webrtc\p2p\base\p2p_transport_channel.cc:583] Set stable_writable_connection_ping_interval to 2500
[19752:19268:0506/121522.757:INFO:third_party\webrtc\p2p\base\p2p_transport_channel.cc:596] Set presume writable when fully relayed to 0
[19752:19268:0506/121522.757:INFO:third_party\webrtc\p2p\base\p2p_transport_channel.cc:614] Set regather_on_failed_networks_interval to 300000
[19752:19268:0506/121522.757:INFO:third_party\webrtc\p2p\base\p2p_transport_channel.cc:621] Set receiving_switching_delay to 1000
[19752:19268:0506/121522.757:INFO:third_party\webrtc\pc\jsep_transport_controller.cc:1193] Creating DtlsSrtpTransport.
[19752:19268:0506/121522.757:INFO:third_party\webrtc\pc\dtls_srtp_transport.cc:66] Setting RTP Transport on 0 transport 000042040B079080
[19752:19268:0506/121522.757:INFO:third_party\webrtc\p2p\base\p2p_transport_channel.cc:494] Set ICE ufrag: Lxps pwd: t3/4godQc1VM/d8co6DLzMyu on transport 0
[19752:2020:0506/121522.757:INFO:third_party\webrtc\pc\peer_connection.cc:2097] Creating data channel, mid=0
[19752:2020:0506/121522.757:INFO:third_party\webrtc\pc\sdp_offer_answer.cc:2994] Session: 847524661092442356 Old state: stable New state: have-local-offer
[19752:19268:0506/121522.758:INFO:third_party\webrtc\p2p\client\basic_port_allocator.cc:389] Start getting ports with turn_port_prune_policy 0
[19752:19268:0506/121522.819:INFO:third_party\webrtc\p2p\client\basic_port_allocator.cc:835] Allocate ports on any any 
[19752:19268:0506/121522.819:INFO:third_party\webrtc\p2p\client\basic_port_allocator.cc:925] Network manager has started
[19752:19268:0506/121522.819:INFO:third_party\webrtc\p2p\client\basic_port_allocator.cc:1437] Net[any:0.0.0.x/0:Wildcard:id=0]: Allocation Phase=Udp
[19752:19268:0506/121522.819:INFO:third_party\webrtc\p2p\base\port.cc:155] Port[b3e6800::1:0:host:Net[any:0.0.0.x/0:Wildcard:id=0]]: Port created with network cost 999
[19752:19268:0506/121522.819:INFO:third_party\webrtc\p2p\client\basic_port_allocator.cc:1519] AllocationSequence: UDPPort will be handling the STUN candidate generation.
[19752:19268:0506/121522.819:INFO:third_party\webrtc\p2p\client\basic_port_allocator.cc:948] Adding allocated port for 0
[19752:19268:0506/121522.819:INFO:third_party\webrtc\p2p\client\basic_port_allocator.cc:968] Port[b3e6800:0:1:0:host:Net[any:0.0.0.x/0:Wildcard:id=0]]: Added port to allocator
[19752:19268:0506/121522.819:INFO:third_party\webrtc\p2p\client\basic_port_allocator.cc:1437] Net[any:0:0:0:x:x:x:x:x/0:Wildcard:id=0]: Allocation Phase=Udp
[19752:19268:0506/121522.819:INFO:third_party\webrtc\p2p\base\port.cc:155] Port[b3e5800::1:0:host:Net[any:0:0:0:x:x:x:x:x/0:Wildcard:id=0]]: Port created with network cost 999
[19752:19268:0506/121522.819:INFO:third_party\webrtc\p2p\client\basic_port_allocator.cc:1519] AllocationSequence: UDPPort will be handling the STUN candidate generation.
[19752:19268:0506/121522.820:INFO:third_party\webrtc\p2p\client\basic_port_allocator.cc:948] Adding allocated port for 0
[19752:19268:0506/121522.820:INFO:third_party\webrtc\p2p\client\basic_port_allocator.cc:968] Port[b3e5800:0:1:0:host:Net[any:0:0:0:x:x:x:x:x/0:Wildcard:id=0]]: Added port to allocator
[19752:19268:0506/121522.864:INFO:third_party\webrtc\p2p\base\stun_port.cc:450] Port[b3e6800:0:1:0:host:Net[any:0.0.0.x/0:Wildcard:id=0]]: Starting STUN host lookup for stun.l.google.com:19302
[19752:19268:0506/121522.864:INFO:third_party\webrtc\p2p\base\stun_port.cc:450] Port[b3e5800:0:1:0:host:Net[any:0:0:0:x:x:x:x:x/0:Wildcard:id=0]]: Starting STUN host lookup for stun.l.google.com:19302
[19752:19268:0506/121522.879:INFO:third_party\webrtc\p2p\client\basic_port_allocator.cc:1437] Net[any:0.0.0.x/0:Wildcard:id=0]: Allocation Phase=Relay
[19752:19268:0506/121522.879:INFO:third_party\webrtc\p2p\client\basic_port_allocator.cc:1437] Net[any:0:0:0:x:x:x:x:x/0:Wildcard:id=0]: Allocation Phase=Relay
[19752:19268:0506/121522.883:INFO:third_party\webrtc\p2p\client\basic_port_allocator.cc:985] Port[b3e6800:0:1:0:host:Net[any:0.0.0.x/0:Wildcard:id=0]]: Gathered candidate: Cand[:955019594:1:udp:2113937151:9f4c5a70-b949-4ba7-b624-a6daee4e1f6b.local:59621:host::0:Lxps:t3/4godQc1VM/d8co6DLzMyu:0:999:0]
[19752:19268:0506/121522.883:INFO:third_party\webrtc\p2p\client\basic_port_allocator.cc:1018] Port[b3e6800:0:1:0:host:Net[any:0.0.0.x/0:Wildcard:id=0]]: Port ready.
[19752:19268:0506/121522.883:INFO:third_party\webrtc\p2p\client\basic_port_allocator.cc:985] Port[b3e5800:0:1:0:host:Net[any:0:0:0:x:x:x:x:x/0:Wildcard:id=0]]: Gathered candidate: Cand[:2663753795:1:udp:2113929727:0918b2d5-e69b-4e5a-a198-5aa4b5a569d1.local:59622:host::0:Lxps:t3/4godQc1VM/d8co6DLzMyu:0:999:0]
[19752:19268:0506/121522.883:INFO:third_party\webrtc\p2p\client\basic_port_allocator.cc:1018] Port[b3e5800:0:1:0:host:Net[any:0:0:0:x:x:x:x:x/0:Wildcard:id=0]]: Port ready.
[19752:19268:0506/121522.883:INFO:third_party\webrtc\p2p\client\basic_port_allocator.cc:1029] Discarding candidate because it doesn't match filter.
[4808:11680:0506/121522.904:WARNING:net\dns\host_resolver_dns_task.cc:940] Address list empty after RFC3484 sort
[4808:11680:0506/121522.909:ERROR:services\network\p2p\socket_manager.cc:147] Failed to resolve address for stun.l.google.com., errorcode: -105
[19752:19268:0506/121522.936:INFO:third_party\webrtc\p2p\client\basic_port_allocator.cc:1437] Net[any:0.0.0.x/0:Wildcard:id=0]: Allocation Phase=Tcp
[19752:19268:0506/121522.936:INFO:third_party\webrtc\p2p\base\port.cc:155] Port[9101180::1:0:host:Net[any:0.0.0.x/0:Wildcard:id=0]]: Port created with network cost 999
[19752:19268:0506/121522.936:INFO:third_party\webrtc\p2p\client\basic_port_allocator.cc:948] Adding allocated port for 0
[19752:19268:0506/121522.936:INFO:third_party\webrtc\p2p\client\basic_port_allocator.cc:968] Port[9101180:0:1:0:host:Net[any:0.0.0.x/0:Wildcard:id=0]]: Added port to allocator
[19752:19268:0506/121522.936:INFO:third_party\webrtc\p2p\base\tcp_port.cc:189] Port[9101180:0:1:0:host:Net[any:0.0.0.x/0:Wildcard:id=0]]: Not listening due to firewall restrictions.
[19752:19268:0506/121522.936:INFO:third_party\webrtc\p2p\client\basic_port_allocator.cc:1437] Net[any:0:0:0:x:x:x:x:x/0:Wildcard:id=0]: Allocation Phase=Tcp
[19752:19268:0506/121522.936:INFO:third_party\webrtc\p2p\base\port.cc:155] Port[9100a80::1:0:host:Net[any:0:0:0:x:x:x:x:x/0:Wildcard:id=0]]: Port created with network cost 999
[19752:19268:0506/121522.936:INFO:third_party\webrtc\p2p\client\basic_port_allocator.cc:948] Adding allocated port for 0
[19752:19268:0506/121522.936:INFO:third_party\webrtc\p2p\client\basic_port_allocator.cc:968] Port[9100a80:0:1:0:host:Net[any:0:0:0:x:x:x:x:x/0:Wildcard:id=0]]: Added port to allocator
[19752:19268:0506/121522.936:INFO:third_party\webrtc\p2p\base\tcp_port.cc:189] Port[9100a80:0:1:0:host:Net[any:0:0:0:x:x:x:x:x/0:Wildcard:id=0]]: Not listening due to firewall restrictions.
[19752:19268:0506/121522.958:WARNING:third_party\webrtc\p2p\base\stun_port.cc:461] Port[b3e5800:0:1:0:host:Net[any:0:0:0:x:x:x:x:x/0:Wildcard:id=0]]: StunPort: stun host lookup received error -1
[19752:19268:0506/121522.958:INFO:third_party\webrtc\p2p\client\basic_port_allocator.cc:1130] Port[b3e5800:0:1:0:host:Net[any:0:0:0:x:x:x:x:x/0:Wildcard:id=0]]: Port completed gathering candidates.
[19752:19268:0506/121522.986:INFO:third_party\webrtc\p2p\client\basic_port_allocator.cc:985] Port[b3e6800:0:1:0:host:Net[any:0.0.0.x/0:Wildcard:id=0]]: Gathered candidate: Cand[:2945981180:1:udp:1677729535:203.101.82.x:59621:srflx:192.168.69.x:59621:Lxps:t3/4godQc1VM/d8co6DLzMyu:0:999:0]
[19752:19268:0506/121522.986:INFO:third_party\webrtc\p2p\client\basic_port_allocator.cc:1130] Port[b3e6800:0:1:0:host:Net[any:0.0.0.x/0:Wildcard:id=0]]: Port completed gathering candidates.
[19752:19268:0506/121522.994:INFO:third_party\webrtc\p2p\client\basic_port_allocator.cc:985] Port[9101180:0:1:0:host:Net[any:0.0.0.x/0:Wildcard:id=0]]: Gathered candidate: Cand[:1698732076:1:tcp:1509957375:cdc04f87-4de7-4b16-a315-e9973a5dc55b.local:9:host::0:Lxps:t3/4godQc1VM/d8co6DLzMyu:0:999:0]
[19752:19268:0506/121522.994:INFO:third_party\webrtc\p2p\client\basic_port_allocator.cc:1018] Port[9101180:0:1:0:host:Net[any:0.0.0.x/0:Wildcard:id=0]]: Port ready.
[19752:19268:0506/121522.994:INFO:third_party\webrtc\p2p\client\basic_port_allocator.cc:1029] Discarding candidate because it doesn't match filter.
[19752:19268:0506/121522.994:INFO:third_party\webrtc\p2p\client\basic_port_allocator.cc:1130] Port[9101180:0:1:0:host:Net[any:0.0.0.x/0:Wildcard:id=0]]: Port completed gathering candidates.
[19752:19268:0506/121523.000:INFO:third_party\webrtc\p2p\client\basic_port_allocator.cc:985] Port[9100a80:0:1:0:host:Net[any:0:0:0:x:x:x:x:x/0:Wildcard:id=0]]: Gathered candidate: Cand[:1617919191:1:tcp:1509949951:0918b2d5-e69b-4e5a-a198-5aa4b5a569d1.local:9:host::0:Lxps:t3/4godQc1VM/d8co6DLzMyu:0:999:0]
[19752:19268:0506/121523.000:INFO:third_party\webrtc\p2p\client\basic_port_allocator.cc:1018] Port[9100a80:0:1:0:host:Net[any:0:0:0:x:x:x:x:x/0:Wildcard:id=0]]: Port ready.
[19752:19268:0506/121523.000:INFO:third_party\webrtc\p2p\client\basic_port_allocator.cc:1029] Discarding candidate because it doesn't match filter.
[19752:19268:0506/121523.000:INFO:third_party\webrtc\p2p\client\basic_port_allocator.cc:1130] Port[9100a80:0:1:0:host:Net[any:0:0:0:x:x:x:x:x/0:Wildcard:id=0]]: Port completed gathering candidates.
[19752:19268:0506/121523.000:INFO:third_party\webrtc\p2p\client\basic_port_allocator.cc:1205] All candidates gathered for 0:1:0
[19752:19268:0506/121523.000:INFO:third_party\webrtc\p2p\base\p2p_transport_channel.cc:979] P2PTransportChannel: 0, component 1 gathering complete
[21600:6804:0506/121523.055:INFO:third_party\webrtc\system_wrappers\source\cpu_info.cc:56] Available number of cores: 8
[13556:20064:0506/121523.155:INFO:CONSOLE:8] "visitor.publishDestinations() result: The destination publishing iframe is already attached and loaded.", source: https://platform.linkedin.com/litms/utag/voyager-web-search/utag.js?cb=1746513900000 (8)
[4808:13168:0506/121523.393:WARNING:net\extras\sqlite\sqlite_persistent_store_backend_base.cc:176] Failed to post task from FlushAndNotifyInBackground@net\extras\sqlite\sqlite_persistent_store_backend_base.cc:226 to client_task_runner_.
[4808:13168:0506/121523.393:WARNING:net\extras\sqlite\sqlite_persistent_store_backend_base.cc:176] Failed to post task from FlushAndNotifyInBackground@net\extras\sqlite\sqlite_persistent_store_backend_base.cc:226 to client_task_runner_.
